Arguments: 
  /usr/bin/node /usr/share/yarn/bin/yarn.js install

PATH: 
  /home/jabernardo/.npm-global/bin:/home/jabernardo/anaconda3/bin:/home/jabernardo/anaconda3/condabin:/usr/local/sbin:/usr/local/bin:/usr/sbin:/usr/bin:/sbin:/bin:/usr/games:/usr/local/games:/snap/bin:/home/jabernardo/Tools/node-v12.18.2-linux-x64/bin:/home/jabernardo/Tools/node-v12.18.2-linux-x64/bin:/home/jabernardo/Tools/node-v12.18.2-linux-x64/bin

Yarn version: 
  1.22.4

Node version: 
  10.19.0

Platform: 
  linux x64

Trace: 
  SyntaxError: /home/jabernardo/Workspace/walnut/server/package.json: Unexpected string in JSON at position 87
      at JSON.parse (<anonymous>)
      at /usr/share/yarn/lib/cli.js:1625:59
      at Generator.next (<anonymous>)
      at step (/usr/share/yarn/lib/cli.js:310:30)
      at /usr/share/yarn/lib/cli.js:321:13

npm manifest: 
  {
    "name": "server",
    "version": "1.0.0",
    "main": "index.js",
    "license": "MIT"
    "dependencies": {
      "common": "1.0.0"
    }
  }

yarn manifest: 
  No manifest

Lockfile: 
  No lockfile
